<?xml version="1.0" encoding="UTF-8"?>
<!-- Generated by org.testng.reporters.JUnitXMLReporter -->
<testsuite hostname="WINDOWS-TOCRG0D" ignored="14" name="Regression" tests="3" failures="0" timestamp="2020-07-22T08:00:41 IST" time="111.83" errors="0">
  <testcase name="verifyTotalPrice" time="18.961" classname="com.mystore.testcases.OrderPageTest"/>
  <testcase name="addToCartTest" time="10.869" classname="com.mystore.testcases.AddToCartPageTest"/>
  <testcase name="endToEndTest" time="32.98" classname="com.mystore.testcases.EndToEndTest"/>
  <testcase name="loginTest" time="0.0" classname="com.mystore.testcases.LoginPageTest">
    <ignored/>
  </testcase> <!-- loginTest -->
  <testcase name="verifyLogo" time="0.0" classname="com.mystore.testcases.IndexPageTest">
    <ignored/>
  </testcase> <!-- verifyLogo -->
  <testcase name="verifyTitle" time="0.0" classname="com.mystore.testcases.IndexPageTest">
    <ignored/>
  </testcase> <!-- verifyTitle -->
  <testcase name="@BeforeSuite loadConfig" time="0.0" classname="com.mystore.base.BaseClass">
    <ignored/>
  </testcase> <!-- @BeforeSuite loadConfig -->
  <testcase name="@BeforeSuite loadConfig" time="0.0" classname="com.mystore.base.BaseClass">
    <ignored/>
  </testcase> <!-- @BeforeSuite loadConfig -->
  <testcase name="@BeforeSuite loadConfig" time="0.0" classname="com.mystore.base.BaseClass">
    <ignored/>
  </testcase> <!-- @BeforeSuite loadConfig -->
  <testcase name="@BeforeSuite loadConfig" time="0.0" classname="com.mystore.base.BaseClass">
    <ignored/>
  </testcase> <!-- @BeforeSuite loadConfig -->
  <testcase name="@BeforeSuite loadConfig" time="0.0" classname="com.mystore.base.BaseClass">
    <ignored/>
  </testcase> <!-- @BeforeSuite loadConfig -->
  <testcase name="@BeforeSuite loadConfig" time="0.0" classname="com.mystore.base.BaseClass">
    <ignored/>
  </testcase> <!-- @BeforeSuite loadConfig -->
  <testcase name="@BeforeSuite loadConfig" time="0.0" classname="com.mystore.base.BaseClass">
    <ignored/>
  </testcase> <!-- @BeforeSuite loadConfig -->
  <testcase name="productAvailabilityTest" time="0.0" classname="com.mystore.testcases.SearchResultPageTest">
    <ignored/>
  </testcase> <!-- productAvailabilityTest -->
  <testcase name="orderHistoryandDetailsTest" time="0.0" classname="com.mystore.testcases.HomePageTest">
    <ignored/>
  </testcase> <!-- orderHistoryandDetailsTest -->
  <testcase name="wishListTest" time="0.0" classname="com.mystore.testcases.HomePageTest">
    <ignored/>
  </testcase> <!-- wishListTest -->
  <testcase name="verifyCreateAccountPageTest" time="0.0" classname="com.mystore.testcases.AccountCreationPageTest">
    <ignored/>
  </testcase> <!-- verifyCreateAccountPageTest -->
</testsuite> <!-- Regression -->
