<?xml version="1.0" encoding="UTF-8"?>
<!-- Generated by org.testng.reporters.JUnitXMLReporter -->
<testsuite hostname="WINDOWS-TOCRG0D" ignored="14" name="Test" tests="10" failures="0" timestamp="2020-07-23T12:19:36 IST" time="311.657" errors="0">
  <testcase name="loginTest" time="10.242" classname="com.mystore.testcases.LoginPageTest"/>
  <testcase name="endToEndTest" time="36.257" classname="com.mystore.testcases.EndToEndTest"/>
  <testcase name="verifyCreateAccountPageTest" time="11.739" classname="com.mystore.testcases.AccountCreationPageTest"/>
  <testcase name="verifyLogo" time="0.101" classname="com.mystore.testcases.IndexPageTest"/>
  <testcase name="verifyTitle" time="0.011" classname="com.mystore.testcases.IndexPageTest"/>
  <testcase name="productAvailabilityTest" time="4.875" classname="com.mystore.testcases.SearchResultPageTest"/>
  <testcase name="orderHistoryandDetailsTest" time="12.228" classname="com.mystore.testcases.HomePageTest"/>
  <testcase name="wishListTest" time="11.732" classname="com.mystore.testcases.HomePageTest"/>
  <testcase name="verifyTotalPrice" time="15.213" classname="com.mystore.testcases.OrderPageTest"/>
  <testcase name="addToCartTest" time="11.022" classname="com.mystore.testcases.AddToCartPageTest"/>
  <testcase name="@BeforeSuite loadConfig" time="0.0" classname="com.mystore.base.BaseClass">
    <ignored/>
  </testcase> <!-- @BeforeSuite loadConfig -->
  <testcase name="@BeforeSuite loadConfig" time="0.0" classname="com.mystore.base.BaseClass">
    <ignored/>
  </testcase> <!-- @BeforeSuite loadConfig -->
  <testcase name="@BeforeSuite loadConfig" time="0.0" classname="com.mystore.base.BaseClass">
    <ignored/>
  </testcase> <!-- @BeforeSuite loadConfig -->
  <testcase name="@BeforeSuite loadConfig" time="0.0" classname="com.mystore.base.BaseClass">
    <ignored/>
  </testcase> <!-- @BeforeSuite loadConfig -->
  <testcase name="@BeforeSuite loadConfig" time="0.0" classname="com.mystore.base.BaseClass">
    <ignored/>
  </testcase> <!-- @BeforeSuite loadConfig -->
  <testcase name="@BeforeSuite loadConfig" time="0.0" classname="com.mystore.base.BaseClass">
    <ignored/>
  </testcase> <!-- @BeforeSuite loadConfig -->
  <testcase name="@BeforeSuite loadConfig" time="0.0" classname="com.mystore.base.BaseClass">
    <ignored/>
  </testcase> <!-- @BeforeSuite loadConfig -->
  <testcase name="@AfterSuite afterSuite" time="0.0" classname="com.mystore.base.BaseClass">
    <ignored/>
  </testcase> <!-- @AfterSuite afterSuite -->
  <testcase name="@AfterSuite afterSuite" time="0.0" classname="com.mystore.base.BaseClass">
    <ignored/>
  </testcase> <!-- @AfterSuite afterSuite -->
  <testcase name="@AfterSuite afterSuite" time="0.0" classname="com.mystore.base.BaseClass">
    <ignored/>
  </testcase> <!-- @AfterSuite afterSuite -->
  <testcase name="@AfterSuite afterSuite" time="0.0" classname="com.mystore.base.BaseClass">
    <ignored/>
  </testcase> <!-- @AfterSuite afterSuite -->
  <testcase name="@AfterSuite afterSuite" time="0.0" classname="com.mystore.base.BaseClass">
    <ignored/>
  </testcase> <!-- @AfterSuite afterSuite -->
  <testcase name="@AfterSuite afterSuite" time="0.0" classname="com.mystore.base.BaseClass">
    <ignored/>
  </testcase> <!-- @AfterSuite afterSuite -->
  <testcase name="@AfterSuite afterSuite" time="0.0" classname="com.mystore.base.BaseClass">
    <ignored/>
  </testcase> <!-- @AfterSuite afterSuite -->
</testsuite> <!-- Test -->
