<?xml version="1.0" encoding="UTF-8"?>
<testsuite xmlns:xsi="http://www.w3.org/2001/XMLSchema-instance" xsi:noNamespaceSchemaLocation="https://maven.apache.org/surefire/maven-surefire-plugin/xsd/surefire-test-report-3.0.xsd" version="3.0" name="TestSuite" time="372.482" tests="12" errors="0" skipped="2" failures="1">
  <properties>
[...]
</properties>
  <testcase name="loginTest" classname="com.mystore.testcases.LoginPageTest" time="14.723"/>
  <testcase name="endToEndTest" classname="com.mystore.testcases.EndToEndTest" time="31.916"/>
  <testcase name="setup" classname="com.mystore.testcases.AccountCreationPageTest" time="67.789">
    <failure message="timeout: Timed out receiving message from renderer: 26.732&#10;  (Session info: chrome=84.0.4147.89)&#10;Build info: version: &apos;3.141.59&apos;, revision: &apos;e82be7d358&apos;, time: &apos;2018-11-14T08:17:03&apos;&#10;System info: host: &apos;WINDOWS-TOCRG0D&apos;, ip: &apos;192.168.43.215&apos;, os.name: &apos;Windows 8.1&apos;, os.arch: &apos;amd64&apos;, os.version: &apos;6.3&apos;, java.version: &apos;1.8.0_201&apos;&#10;Driver info: org.openqa.selenium.chrome.ChromeDriver&#10;Capabilities {acceptInsecureCerts: false, browserName: chrome, browserVersion: 84.0.4147.89, chrome: {chromedriverVersion: 84.0.4147.30 (48b3e868b4cc0..., userDataDir: C:\Users\ADMIN\AppData\Loca...}, goog:chromeOptions: {debuggerAddress: localhost:60637}, javascriptEnabled: true, networkConnectionEnabled: false, pageLoadStrategy: normal, platform: WINDOWS, platformName: WINDOWS, proxy: Proxy(), setWindowRect: true, strictFileInteractability: false, timeouts: {implicit: 0, pageLoad: 300000, script: 30000}, unhandledPromptBehavior: dismiss and notify, webauthn:virtualAuthenticators: true}&#10;Session ID: 808eef3fbbf54886c200c0130f1919c5" type="org.openqa.selenium.TimeoutException"><![CDATA[org.openqa.selenium.TimeoutException: 
timeout: Timed out receiving message from renderer: 26.732
  (Session info: chrome=84.0.4147.89)
Build info: version: '3.141.59', revision: 'e82be7d358', time: '2018-11-14T08:17:03'
System info: host: 'WINDOWS-TOCRG0D', ip: '192.168.43.215', os.name: 'Windows 8.1', os.arch: 'amd64', os.version: '6.3', java.version: '1.8.0_201'
Driver info: org.openqa.selenium.chrome.ChromeDriver
Capabilities {acceptInsecureCerts: false, browserName: chrome, browserVersion: 84.0.4147.89, chrome: {chromedriverVersion: 84.0.4147.30 (48b3e868b4cc0..., userDataDir: C:\Users\ADMIN\AppData\Loca...}, goog:chromeOptions: {debuggerAddress: localhost:60637}, javascriptEnabled: true, networkConnectionEnabled: false, pageLoadStrategy: normal, platform: WINDOWS, platformName: WINDOWS, proxy: Proxy(), setWindowRect: true, strictFileInteractability: false, timeouts: {implicit: 0, pageLoad: 300000, script: 30000}, unhandledPromptBehavior: dismiss and notify, webauthn:virtualAuthenticators: true}
Session ID: 808eef3fbbf54886c200c0130f1919c5
	at com.mystore.testcases.AccountCreationPageTest.setup(AccountCreationPageTest.java:25)
]]></failure>
    <system-err><![CDATA[Starting ChromeDriver 84.0.4147.30 (48b3e868b4cc0aa7e8149519690b6f6949e110a8-refs/branch-heads/4147@{#310}) on port 36741
Only local connections are allowed.
Please see https://chromedriver.chromium.org/security-considerations for suggestions on keeping ChromeDriver safe.
ChromeDriver was started successfully.
Jul 24, 2020 2:19:23 PM org.openqa.selenium.remote.ProtocolHandshake createSession
INFO: Detected dialect: W3C
[1595580595.345][SEVERE]: Timed out receiving message from renderer: 26.732
[1595580595.404][SEVERE]: Timed out receiving message from renderer: 26.732
]]></system-err>
  </testcase>
  <testcase name="verifyCreateAccountPageTest" classname="com.mystore.testcases.AccountCreationPageTest" time="0">
    <skipped message="timeout: Timed out receiving message from renderer: 26.732&#10;  (Session info: chrome=84.0.4147.89)&#10;Build info: version: &apos;3.141.59&apos;, revision: &apos;e82be7d358&apos;, time: &apos;2018-11-14T08:17:03&apos;&#10;System info: host: &apos;WINDOWS-TOCRG0D&apos;, ip: &apos;192.168.43.215&apos;, os.name: &apos;Windows 8.1&apos;, os.arch: &apos;amd64&apos;, os.version: &apos;6.3&apos;, java.version: &apos;1.8.0_201&apos;&#10;Driver info: org.openqa.selenium.chrome.ChromeDriver&#10;Capabilities {acceptInsecureCerts: false, browserName: chrome, browserVersion: 84.0.4147.89, chrome: {chromedriverVersion: 84.0.4147.30 (48b3e868b4cc0..., userDataDir: C:\Users\ADMIN\AppData\Loca...}, goog:chromeOptions: {debuggerAddress: localhost:60637}, javascriptEnabled: true, networkConnectionEnabled: false, pageLoadStrategy: normal, platform: WINDOWS, platformName: WINDOWS, proxy: Proxy(), setWindowRect: true, strictFileInteractability: false, timeouts: {implicit: 0, pageLoad: 300000, script: 30000}, unhandledPromptBehavior: dismiss and notify, webauthn:virtualAuthenticators: true}&#10;Session ID: 808eef3fbbf54886c200c0130f1919c5"/>
  </testcase>
  <testcase name="tearDown" classname="com.mystore.testcases.AccountCreationPageTest" time="0">
    <skipped/>
  </testcase>
  <testcase name="verifyLogo" classname="com.mystore.testcases.IndexPageTest" time="0.085"/>
  <testcase name="verifyTitle" classname="com.mystore.testcases.IndexPageTest" time="0.041"/>
  <testcase name="productAvailabilityTest" classname="com.mystore.testcases.SearchResultPageTest" time="6.752"/>
  <testcase name="orderHistoryandDetailsTest" classname="com.mystore.testcases.HomePageTest" time="12.235"/>
  <testcase name="wishListTest" classname="com.mystore.testcases.HomePageTest" time="11.291"/>
  <testcase name="verifyTotalPrice" classname="com.mystore.testcases.OrderPageTest" time="16.225"/>
  <testcase name="addToCartTest" classname="com.mystore.testcases.AddToCartPageTest" time="13.058"/>
</testsuite>