<?xml version="1.0" encoding="UTF-8"?>
<testng-results skipped="0" failed="0" ignored="14" total="24" passed="10">
  <reporter-output>
  </reporter-output>
  <suite name="Suite" duration-ms="311657" started-at="2020-07-23T12:14:24 IST" finished-at="2020-07-23T12:19:36 IST">
    <groups>
      <group name="Sanity">
        <method signature="AccountCreationPageTest.verifyCreateAccountPageTest(java.lang.String)[pri:0, instance:com.mystore.testcases.AccountCreationPageTest@11438d26]" name="verifyCreateAccountPageTest" class="com.mystore.testcases.AccountCreationPageTest"/>
        <method signature="AddToCartPageTest.addToCartTest(java.lang.String, java.lang.String, java.lang.String)[pri:0, instance:com.mystore.testcases.AddToCartPageTest@ea1a8d5]" name="addToCartTest" class="com.mystore.testcases.AddToCartPageTest"/>
        <method signature="LoginPageTest.loginTest(java.lang.String, java.lang.String)[pri:0, instance:com.mystore.testcases.LoginPageTest@305fd85d]" name="loginTest" class="com.mystore.testcases.LoginPageTest"/>
      </group> <!-- Sanity -->
      <group name="Regression">
        <method signature="AddToCartPageTest.addToCartTest(java.lang.String, java.lang.String, java.lang.String)[pri:0, instance:com.mystore.testcases.AddToCartPageTest@ea1a8d5]" name="addToCartTest" class="com.mystore.testcases.AddToCartPageTest"/>
        <method signature="EndToEndTest.endToEndTest(java.lang.String, java.lang.String, java.lang.String)[pri:0, instance:com.mystore.testcases.EndToEndTest@458c1321]" name="endToEndTest" class="com.mystore.testcases.EndToEndTest"/>
        <method signature="OrderPageTest.verifyTotalPrice(java.lang.String, java.lang.String, java.lang.String)[pri:0, instance:com.mystore.testcases.OrderPageTest@528931cf]" name="verifyTotalPrice" class="com.mystore.testcases.OrderPageTest"/>
      </group> <!-- Regression -->
      <group name="Smoke">
        <method signature="HomePageTest.orderHistoryandDetailsTest(java.lang.String, java.lang.String)[pri:0, instance:com.mystore.testcases.HomePageTest@5faeada1]" name="orderHistoryandDetailsTest" class="com.mystore.testcases.HomePageTest"/>
        <method signature="HomePageTest.wishListTest(java.lang.String, java.lang.String)[pri:0, instance:com.mystore.testcases.HomePageTest@5faeada1]" name="wishListTest" class="com.mystore.testcases.HomePageTest"/>
        <method signature="IndexPageTest.verifyLogo()[pri:0, instance:com.mystore.testcases.IndexPageTest@34cd072c]" name="verifyLogo" class="com.mystore.testcases.IndexPageTest"/>
        <method signature="IndexPageTest.verifyTitle()[pri:0, instance:com.mystore.testcases.IndexPageTest@34cd072c]" name="verifyTitle" class="com.mystore.testcases.IndexPageTest"/>
        <method signature="LoginPageTest.loginTest(java.lang.String, java.lang.String)[pri:0, instance:com.mystore.testcases.LoginPageTest@305fd85d]" name="loginTest" class="com.mystore.testcases.LoginPageTest"/>
        <method signature="SearchResultPageTest.productAvailabilityTest(java.lang.String)[pri:0, instance:com.mystore.testcases.SearchResultPageTest@7a1ebcd8]" name="productAvailabilityTest" class="com.mystore.testcases.SearchResultPageTest"/>
      </group> <!-- Smoke -->
    </groups>
    <test name="Test" duration-ms="311657" started-at="2020-07-23T12:14:24 IST" finished-at="2020-07-23T12:19:36 IST">
      <class name="com.mystore.testcases.AccountCreationPageTest">
        <test-method status="PASS" signature="setup(java.lang.String)[pri:0, instance:com.mystore.testcases.AccountCreationPageTest@11438d26]" name="setup" is-config="true" duration-ms="13726" started-at="2020-07-23T12:16:19 IST" finished-at="2020-07-23T12:16:33 IST">
          <params>
            <param index="0">
              <value>
                <![CDATA[Chrome]]>
              </value>
            </param>
          </params>
          <reporter-output>
          </reporter-output>
        </test-method> <!-- setup -->
        <test-method status="PASS" signature="verifyCreateAccountPageTest(java.lang.String)[pri:0, instance:com.mystore.testcases.AccountCreationPageTest@11438d26]" name="verifyCreateAccountPageTest" duration-ms="11739" started-at="2020-07-23T12:16:33 IST" data-provider="email" finished-at="2020-07-23T12:16:44 IST">
          <params>
            <param index="0">
              <value>
                <![CDATA[ghfsdtyfg@gmail.com]]>
              </value>
            </param>
          </params>
          <reporter-output>
          </reporter-output>
        </test-method> <!-- verifyCreateAccountPageTest -->
        <test-method status="PASS" signature="tearDown()[pri:0, instance:com.mystore.testcases.AccountCreationPageTest@11438d26]" name="tearDown" is-config="true" duration-ms="640" started-at="2020-07-23T12:16:44 IST" finished-at="2020-07-23T12:16:45 IST">
          <reporter-output>
          </reporter-output>
        </test-method> <!-- tearDown -->
      </class> <!-- com.mystore.testcases.AccountCreationPageTest -->
      <class name="com.mystore.testcases.EndToEndTest">
        <test-method status="PASS" signature="setup(java.lang.String)[pri:0, instance:com.mystore.testcases.EndToEndTest@458c1321]" name="setup" is-config="true" duration-ms="19250" started-at="2020-07-23T12:15:23 IST" finished-at="2020-07-23T12:15:42 IST">
          <params>
            <param index="0">
              <value>
                <![CDATA[Chrome]]>
              </value>
            </param>
          </params>
          <reporter-output>
          </reporter-output>
        </test-method> <!-- setup -->
        <test-method status="PASS" signature="endToEndTest(java.lang.String, java.lang.String, java.lang.String)[pri:0, instance:com.mystore.testcases.EndToEndTest@458c1321]" name="endToEndTest" duration-ms="36257" started-at="2020-07-23T12:15:42 IST" data-provider="getProduct" finished-at="2020-07-23T12:16:18 IST">
          <params>
            <param index="0">
              <value>
                <![CDATA[t-shirt]]>
              </value>
            </param>
            <param index="1">
              <value>
                <![CDATA[2.0]]>
              </value>
            </param>
            <param index="2">
              <value>
                <![CDATA[M]]>
              </value>
            </param>
          </params>
          <reporter-output>
          </reporter-output>
        </test-method> <!-- endToEndTest -->
        <test-method status="PASS" signature="tearDown()[pri:0, instance:com.mystore.testcases.EndToEndTest@458c1321]" name="tearDown" is-config="true" duration-ms="628" started-at="2020-07-23T12:16:18 IST" finished-at="2020-07-23T12:16:19 IST">
          <reporter-output>
          </reporter-output>
        </test-method> <!-- tearDown -->
      </class> <!-- com.mystore.testcases.EndToEndTest -->
      <class name="com.mystore.testcases.SearchResultPageTest">
        <test-method status="PASS" signature="setup(java.lang.String)[pri:0, instance:com.mystore.testcases.SearchResultPageTest@7a1ebcd8]" name="setup" is-config="true" duration-ms="13573" started-at="2020-07-23T12:17:14 IST" finished-at="2020-07-23T12:17:28 IST">
          <params>
            <param index="0">
              <value>
                <![CDATA[Chrome]]>
              </value>
            </param>
          </params>
          <reporter-output>
          </reporter-output>
        </test-method> <!-- setup -->
        <test-method status="PASS" signature="productAvailabilityTest(java.lang.String)[pri:0, instance:com.mystore.testcases.SearchResultPageTest@7a1ebcd8]" name="productAvailabilityTest" duration-ms="4875" started-at="2020-07-23T12:17:28 IST" data-provider="searchProduct" finished-at="2020-07-23T12:17:33 IST">
          <params>
            <param index="0">
              <value>
                <![CDATA[t-shirt]]>
              </value>
            </param>
          </params>
          <reporter-output>
          </reporter-output>
        </test-method> <!-- productAvailabilityTest -->
        <test-method status="PASS" signature="tearDown()[pri:0, instance:com.mystore.testcases.SearchResultPageTest@7a1ebcd8]" name="tearDown" is-config="true" duration-ms="617" started-at="2020-07-23T12:17:33 IST" finished-at="2020-07-23T12:17:33 IST">
          <reporter-output>
          </reporter-output>
        </test-method> <!-- tearDown -->
      </class> <!-- com.mystore.testcases.SearchResultPageTest -->
      <class name="com.mystore.testcases.AddToCartPageTest">
        <test-method status="PASS" signature="setup(java.lang.String)[pri:0, instance:com.mystore.testcases.AddToCartPageTest@ea1a8d5]" name="setup" is-config="true" duration-ms="18518" started-at="2020-07-23T12:19:06 IST" finished-at="2020-07-23T12:19:24 IST">
          <params>
            <param index="0">
              <value>
                <![CDATA[Chrome]]>
              </value>
            </param>
          </params>
          <reporter-output>
          </reporter-output>
        </test-method> <!-- setup -->
        <test-method status="PASS" signature="addToCartTest(java.lang.String, java.lang.String, java.lang.String)[pri:0, instance:com.mystore.testcases.AddToCartPageTest@ea1a8d5]" name="addToCartTest" duration-ms="11022" started-at="2020-07-23T12:19:24 IST" data-provider="getProduct" finished-at="2020-07-23T12:19:35 IST">
          <params>
            <param index="0">
              <value>
                <![CDATA[t-shirt]]>
              </value>
            </param>
            <param index="1">
              <value>
                <![CDATA[2.0]]>
              </value>
            </param>
            <param index="2">
              <value>
                <![CDATA[M]]>
              </value>
            </param>
          </params>
          <reporter-output>
          </reporter-output>
        </test-method> <!-- addToCartTest -->
        <test-method status="PASS" signature="tearDown()[pri:0, instance:com.mystore.testcases.AddToCartPageTest@ea1a8d5]" name="tearDown" is-config="true" duration-ms="612" started-at="2020-07-23T12:19:35 IST" finished-at="2020-07-23T12:19:36 IST">
          <reporter-output>
          </reporter-output>
        </test-method> <!-- tearDown -->
      </class> <!-- com.mystore.testcases.AddToCartPageTest -->
      <class name="com.mystore.testcases.IndexPageTest">
        <test-method status="PASS" signature="setup(java.lang.String)[pri:0, instance:com.mystore.testcases.IndexPageTest@34cd072c]" name="setup" is-config="true" duration-ms="14085" started-at="2020-07-23T12:16:45 IST" finished-at="2020-07-23T12:16:59 IST">
          <params>
            <param index="0">
              <value>
                <![CDATA[Chrome]]>
              </value>
            </param>
          </params>
          <reporter-output>
          </reporter-output>
        </test-method> <!-- setup -->
        <test-method status="PASS" signature="verifyLogo()[pri:0, instance:com.mystore.testcases.IndexPageTest@34cd072c]" name="verifyLogo" duration-ms="101" started-at="2020-07-23T12:16:59 IST" finished-at="2020-07-23T12:16:59 IST">
          <reporter-output>
          </reporter-output>
        </test-method> <!-- verifyLogo -->
        <test-method status="PASS" signature="tearDown()[pri:0, instance:com.mystore.testcases.IndexPageTest@34cd072c]" name="tearDown" is-config="true" duration-ms="646" started-at="2020-07-23T12:16:59 IST" finished-at="2020-07-23T12:17:00 IST">
          <reporter-output>
          </reporter-output>
        </test-method> <!-- tearDown -->
        <test-method status="PASS" signature="setup(java.lang.String)[pri:0, instance:com.mystore.testcases.IndexPageTest@34cd072c]" name="setup" is-config="true" duration-ms="13873" started-at="2020-07-23T12:17:00 IST" finished-at="2020-07-23T12:17:14 IST">
          <params>
            <param index="0">
              <value>
                <![CDATA[Chrome]]>
              </value>
            </param>
          </params>
          <reporter-output>
          </reporter-output>
        </test-method> <!-- setup -->
        <test-method status="PASS" signature="verifyTitle()[pri:0, instance:com.mystore.testcases.IndexPageTest@34cd072c]" name="verifyTitle" duration-ms="11" started-at="2020-07-23T12:17:14 IST" finished-at="2020-07-23T12:17:14 IST">
          <reporter-output>
          </reporter-output>
        </test-method> <!-- verifyTitle -->
        <test-method status="PASS" signature="tearDown()[pri:0, instance:com.mystore.testcases.IndexPageTest@34cd072c]" name="tearDown" is-config="true" duration-ms="711" started-at="2020-07-23T12:17:14 IST" finished-at="2020-07-23T12:17:14 IST">
          <reporter-output>
          </reporter-output>
        </test-method> <!-- tearDown -->
      </class> <!-- com.mystore.testcases.IndexPageTest -->
      <class name="com.mystore.testcases.OrderPageTest">
        <test-method status="PASS" signature="setup(java.lang.String)[pri:0, instance:com.mystore.testcases.OrderPageTest@528931cf]" name="setup" is-config="true" duration-ms="20734" started-at="2020-07-23T12:18:29 IST" finished-at="2020-07-23T12:18:50 IST">
          <params>
            <param index="0">
              <value>
                <![CDATA[Chrome]]>
              </value>
            </param>
          </params>
          <reporter-output>
          </reporter-output>
        </test-method> <!-- setup -->
        <test-method status="PASS" signature="verifyTotalPrice(java.lang.String, java.lang.String, java.lang.String)[pri:0, instance:com.mystore.testcases.OrderPageTest@528931cf]" name="verifyTotalPrice" duration-ms="15213" started-at="2020-07-23T12:18:50 IST" data-provider="getProduct" finished-at="2020-07-23T12:19:05 IST">
          <params>
            <param index="0">
              <value>
                <![CDATA[t-shirt]]>
              </value>
            </param>
            <param index="1">
              <value>
                <![CDATA[2.0]]>
              </value>
            </param>
            <param index="2">
              <value>
                <![CDATA[M]]>
              </value>
            </param>
          </params>
          <reporter-output>
          </reporter-output>
        </test-method> <!-- verifyTotalPrice -->
        <test-method status="PASS" signature="tearDown()[pri:0, instance:com.mystore.testcases.OrderPageTest@528931cf]" name="tearDown" is-config="true" duration-ms="627" started-at="2020-07-23T12:19:05 IST" finished-at="2020-07-23T12:19:06 IST">
          <reporter-output>
          </reporter-output>
        </test-method> <!-- tearDown -->
      </class> <!-- com.mystore.testcases.OrderPageTest -->
      <class name="com.mystore.testcases.LoginPageTest">
        <test-method status="PASS" signature="loadConfig()[pri:0, instance:com.mystore.testcases.LoginPageTest@305fd85d]" name="loadConfig" is-config="true" duration-ms="227" started-at="2020-07-23T12:14:24 IST" finished-at="2020-07-23T12:14:24 IST">
          <reporter-output>
          </reporter-output>
        </test-method> <!-- loadConfig -->
        <test-method status="PASS" signature="setup(java.lang.String)[pri:0, instance:com.mystore.testcases.LoginPageTest@305fd85d]" name="setup" is-config="true" duration-ms="46447" started-at="2020-07-23T12:14:25 IST" finished-at="2020-07-23T12:15:11 IST">
          <params>
            <param index="0">
              <value>
                <![CDATA[Chrome]]>
              </value>
            </param>
          </params>
          <reporter-output>
          </reporter-output>
        </test-method> <!-- setup -->
        <test-method status="PASS" signature="loginTest(java.lang.String, java.lang.String)[pri:0, instance:com.mystore.testcases.LoginPageTest@305fd85d]" name="loginTest" duration-ms="10242" started-at="2020-07-23T12:15:11 IST" data-provider="credentials" finished-at="2020-07-23T12:15:22 IST">
          <params>
            <param index="0">
              <value>
                <![CDATA[admin@xyz.com]]>
              </value>
            </param>
            <param index="1">
              <value>
                <![CDATA[admin@123]]>
              </value>
            </param>
          </params>
          <reporter-output>
          </reporter-output>
        </test-method> <!-- loginTest -->
        <test-method status="PASS" signature="tearDown()[pri:0, instance:com.mystore.testcases.LoginPageTest@305fd85d]" name="tearDown" is-config="true" duration-ms="859" started-at="2020-07-23T12:15:22 IST" finished-at="2020-07-23T12:15:22 IST">
          <reporter-output>
          </reporter-output>
        </test-method> <!-- tearDown -->
        <test-method status="PASS" signature="afterSuite()[pri:0, instance:com.mystore.testcases.LoginPageTest@305fd85d]" name="afterSuite" is-config="true" duration-ms="13" started-at="2020-07-23T12:19:36 IST" finished-at="2020-07-23T12:19:36 IST">
          <reporter-output>
          </reporter-output>
        </test-method> <!-- afterSuite -->
      </class> <!-- com.mystore.testcases.LoginPageTest -->
      <class name="com.mystore.testcases.HomePageTest">
        <test-method status="PASS" signature="setup(java.lang.String)[pri:0, instance:com.mystore.testcases.HomePageTest@5faeada1]" name="setup" is-config="true" duration-ms="15191" started-at="2020-07-23T12:17:34 IST" finished-at="2020-07-23T12:17:49 IST">
          <params>
            <param index="0">
              <value>
                <![CDATA[Chrome]]>
              </value>
            </param>
          </params>
          <reporter-output>
          </reporter-output>
        </test-method> <!-- setup -->
        <test-method status="PASS" signature="orderHistoryandDetailsTest(java.lang.String, java.lang.String)[pri:0, instance:com.mystore.testcases.HomePageTest@5faeada1]" name="orderHistoryandDetailsTest" duration-ms="12228" started-at="2020-07-23T12:17:49 IST" data-provider="credentials" finished-at="2020-07-23T12:18:01 IST">
          <params>
            <param index="0">
              <value>
                <![CDATA[admin@xyz.com]]>
              </value>
            </param>
            <param index="1">
              <value>
                <![CDATA[admin@123]]>
              </value>
            </param>
          </params>
          <reporter-output>
          </reporter-output>
        </test-method> <!-- orderHistoryandDetailsTest -->
        <test-method status="PASS" signature="tearDown()[pri:0, instance:com.mystore.testcases.HomePageTest@5faeada1]" name="tearDown" is-config="true" duration-ms="656" started-at="2020-07-23T12:18:01 IST" finished-at="2020-07-23T12:18:02 IST">
          <reporter-output>
          </reporter-output>
        </test-method> <!-- tearDown -->
        <test-method status="PASS" signature="setup(java.lang.String)[pri:0, instance:com.mystore.testcases.HomePageTest@5faeada1]" name="setup" is-config="true" duration-ms="14835" started-at="2020-07-23T12:18:02 IST" finished-at="2020-07-23T12:18:17 IST">
          <params>
            <param index="0">
              <value>
                <![CDATA[Chrome]]>
              </value>
            </param>
          </params>
          <reporter-output>
          </reporter-output>
        </test-method> <!-- setup -->
        <test-method status="PASS" signature="wishListTest(java.lang.String, java.lang.String)[pri:0, instance:com.mystore.testcases.HomePageTest@5faeada1]" name="wishListTest" duration-ms="11732" started-at="2020-07-23T12:18:17 IST" data-provider="credentials" finished-at="2020-07-23T12:18:28 IST">
          <params>
            <param index="0">
              <value>
                <![CDATA[admin@xyz.com]]>
              </value>
            </param>
            <param index="1">
              <value>
                <![CDATA[admin@123]]>
              </value>
            </param>
          </params>
          <reporter-output>
          </reporter-output>
        </test-method> <!-- wishListTest -->
        <test-method status="PASS" signature="tearDown()[pri:0, instance:com.mystore.testcases.HomePageTest@5faeada1]" name="tearDown" is-config="true" duration-ms="615" started-at="2020-07-23T12:18:28 IST" finished-at="2020-07-23T12:18:29 IST">
          <reporter-output>
          </reporter-output>
        </test-method> <!-- tearDown -->
      </class> <!-- com.mystore.testcases.HomePageTest -->
    </test> <!-- Test -->
  </suite> <!-- Suite -->
</testng-results>
